
Currently Loaded Modules:
  1) autotools          7) openmpi4/4.1.1
  2) prun/2.2           8) ohpc
  3) gnu9/9.4.0         9) opengrads-2.2.1
  4) hwloc/2.5.0       10) imagemagick-7.0.8-7-gcc-11.2.0-46pk2go
  5) ucx/1.11.2        11) gnuplot-5.4.3-gcc-11.2.0-dmq2qdk
  6) libfabric/1.13.0

 

SLURM_JOB_NUM_NODES = 1
Wed Feb  8 13:28:01 -03 2023
./gf.x
            
 ------------- GF ConvPar namelist -------------
 !---- the main controls
 icumulus_gf                   1           1           1
 cum_entr              5.00000024E-04   1.00000005E-03   5.00000024E-04
 closure_choice               10          10           3
 use_scale_dep                 1
 sig_factor           0.219999999    
 dicycle                       0
 t_star                10.0000000      -99.0000000      -99.0000000    
 rh_dicycle                    0
 alpha_adv_tuning     0.800000012    
 cap_maxs              50.0000000    
 moist_trigger                 0
 adv_trigger                   0
 lcl_trigger                   0
 dcape_threshold       60.0000000    
 tau_deep,tau_mid      3600.00000       1200.00000    
 SGS_W_TIMESCALE               1
 CONVECTION_TRACER             0
 ADD_COLDPOOL_PROP             3
 ADD_COLDPOOL_CLOS             1
 ADD_COLDPOOL_DIFF             3
 tau_ocea_cp           7200.00000    
 tau_land_cp           7200.00000    
 mx_buoy1 - kJ/kg     0.250500023    
 mx_buoy2 - kJ/kg      20.0040016    
 USE_MEMORY                    2
 !--- controls rainfall evaporation
 USE_REBCB                     1
 downdraft                     1
 max_edt_land         0.349999994       0.00000000      0.200000003    
 max_edt_ocean        0.349999994       0.00000000      0.200000003    
 !---- boundary condition specification
 BC_METH                       1
 cum_use_excess                0           1           1
 cum_ave_layer         50.0000000       75.0000000       25.0000000    
 !---- for mass flux profiles - (deep ,shallow ,congestus)
 CUM_ZUFORM                   20          20          20
 hei_down_land        0.400000006       0.00000000      0.349999994    
 hei_down_ocean       0.349999994       0.00000000      0.349999994    
 hei_updf_land        0.550000012      0.100000001      0.550000012    
 hei_updf_ocean       0.550000012      0.100000001      0.550000012    
 beta_sh               2.20000005    
 use_linear_subcl_mf           1
 use_smooth_prof               1
 use_smooth_tend               1
 use_random_num        0.00000000    
 !---- the cloud microphysics
 AUTOCONV                      1
 C0_DEEP               1.00000005E-03
 C0_MID                1.50000001E-03
 C0_SHAL               0.00000000    
 c1                    0.00000000    
 QRC_CRIT              7.99999980E-04
 !--- for momentum transport
 USE_MOMENTUM_TRANS            1
 lambau_deep           0.00000000    
 lambau_shdn           2.00000000    
 !--- for tracer transport
 USE_TRACER_TRANSP             0
 USE_TRACER_SCAVEN             0
 USE_FLUX_FORM                 1
 use_fct                       1
 use_tracer_evap               0
 apply_sub_mp                  0
 ALP1                  1.00000000    
 !---- couplings w/ other parameterizations
 LIGHTNING_DIAG                0
 OVERSHOOT             0.00000000    
 liq_ice_number_conc           0
 use_gustiness                 0
 !----misc controls
 frac_modis                    1
 use_cloud_dissipat    0.00000000    
 USE_WETBULB                   0
 CLEV_GRID                     1
 vert_discr                    1
 satur_calc                    1
 max_tq_tend           300.000000    
 cum_fadj_massflx      1.00000000       1.00000000       1.00000000    
 ========================================================================
            
 ------------ namelist for:  ref_g
 rundata           GATE.dat
 icumulus_gf                  1           1           1
 closure_choice              10          10           3
 clev_grid                    1
 use_rebcb                    1
 vert_discr                   1
 satur_calc                   1
 autoconv                     1
 bc_meth                      1
 overshoot            0.00000000    
 use_wetbulb                  0
 hei_down_land       0.400000006       0.00000000      0.349999994    
 hei_down_ocean      0.349999994       0.00000000      0.349999994    
 hei_updf_land       0.550000012      0.100000001      0.550000012    
 hei_updf_ocean      0.550000012      0.100000001      0.550000012    
 max_edt_land        0.349999994       0.00000000      0.200000003    
 max_edt_ocean       0.349999994       0.00000000      0.200000003    
 cum_use_excess               0           1           1
 c0_deep              1.00000005E-03
 c0_mid               1.50000001E-03
 c0_shal              0.00000000    
 c1                   0.00000000    
 qrc_crit             7.99999980E-04
 lambau_deep          0.00000000    
 lambau_shdn          2.00000000    
 use_tracer_transp            0
 use_tracer_scaven            0
 use_flux_form                1
 use_fct                      1
 use_tracer_evap              0
 use_momentum_transp           1
 downdraft                    1
 sgs_w_timescale              1
 apply_sub_mp                 0
 alp1                 1.00000000    
 lightning_diag               0
 use_scale_dep                1
 dicycle	                    0
 land 	          F
 CUM_ENTR 	        5.00000024E-04   1.00000005E-03   5.00000024E-04
 FRAC_MODIS	                1
 MOIST_TRIGGER                0
 ADV_TRIGGER                  0
 tau_deep,tau_mid     3600.00000       1200.00000    
 use_smooth_prof              1
 use_cloud_dissipation   0.00000000    
 beta_sh 	            2.20000005    
 use_linear_subcl_mf           1
 cap_maxs             50.0000000    
 ========================================
            
 USE_GATE= T
 reading GATE soundings
  =====================================================================
 Sounding =           1
  =====================================================================
 Sounding =           2
  =====================================================================
 Sounding =           3
  =====================================================================
 Sounding =           4
  =====================================================================
 Sounding =           5
  =====================================================================
 Sounding =           6
  =====================================================================
 Sounding =           7
  =====================================================================
 Sounding =           8
  =====================================================================
 Sounding =           9
  =====================================================================
 Sounding =          10
  =====================================================================
 Sounding =          11
  =====================================================================
 Sounding =          12
  =====================================================================
 Sounding =          13
  =====================================================================
 Sounding =          14
  =====================================================================
 Sounding =          15
  =====================================================================
 Sounding =          16
  =====================================================================
 Sounding =          17
  =====================================================================
 Sounding =          18
  =====================================================================
 Sounding =          19
  =====================================================================
 Sounding =          20
  =====================================================================
 Sounding =          21
  =====================================================================
 Sounding =          22
  =====================================================================
 Sounding =          23
  =====================================================================
 Sounding =          24
  =====================================================================
 Sounding =          25
  =====================================================================
 Sounding =          26
  =====================================================================
 Sounding =          27
  =====================================================================
 Sounding =          28
  =====================================================================
 Sounding =          29
  =====================================================================
 Sounding =          30
  =====================================================================
 Sounding =          31
  =====================================================================
 Sounding =          32
  =====================================================================
 Sounding =          33
  =====================================================================
 Sounding =          34
  =====================================================================
 Sounding =          35
  =====================================================================
 Sounding =          36
  =====================================================================
 Sounding =          37
  =====================================================================
 Sounding =          38
  =====================================================================
 Sounding =          39
  =====================================================================
 Sounding =          40
  =====================================================================
 Sounding =          41
  =====================================================================
 Sounding =          42
  =====================================================================
 Sounding =          43
  =====================================================================
 Sounding =          44
  =====================================================================
 Sounding =          45
  =====================================================================
 Sounding =          46
  =====================================================================
 Sounding =          47
  =====================================================================
 Sounding =          48
  =====================================================================
 Sounding =          49
  =====================================================================
 Sounding =          50
  =====================================================================
 Sounding =          51
  =====================================================================
 Sounding =          52
  =====================================================================
 Sounding =          53
  =====================================================================
 Sounding =          54
  =====================================================================
 Sounding =          55
  =====================================================================
 Sounding =          56
  =====================================================================
 Sounding =          57
  =====================================================================
 Sounding =          58
  =====================================================================
 Sounding =          59
  =====================================================================
 Sounding =          60
  =====================================================================
 Sounding =          61
  =====================================================================
 Sounding =          62
  =====================================================================
 Sounding =          63
  =====================================================================
 Sounding =          64
  =====================================================================
 Sounding =          65
  =====================================================================
 Sounding =          66
  =====================================================================
 Sounding =          67
  =====================================================================
 Sounding =          68
  =====================================================================
 Sounding =          69
  =====================================================================
 Sounding =          70
  =====================================================================
 Sounding =          71
  =====================================================================
 Sounding =          72
  =====================================================================
 Sounding =          73
  =====================================================================
 Sounding =          74
  =====================================================================
 Sounding =          75
  =====================================================================
 Sounding =          76
  =====================================================================
 Sounding =          77
  =====================================================================
 Sounding =          78
  =====================================================================
 Sounding =          79
  =====================================================================
 Sounding =          80
  =====================================================================
 Sounding =          81
  =====================================================================
 Sounding =          82
  =====================================================================
 Sounding =          83
  =====================================================================
 Sounding =          84
  =====================================================================
 Sounding =          85
  =====================================================================
 Sounding =          86
  =====================================================================
 Sounding =          87
  =====================================================================
 Sounding =          88
  =====================================================================
 Sounding =          89
  =====================================================================
 Sounding =          90
  =====================================================================
 Sounding =          91
  =====================================================================
 Sounding =          92
  =====================================================================
 Sounding =          93
  =====================================================================
 Sounding =          94
  =====================================================================
 Sounding =          95
  =====================================================================
 Sounding =          96
  =====================================================================
 Sounding =          97
  =====================================================================
 Sounding =          98
  =====================================================================
 Sounding =          99
  =====================================================================
 Sounding =         100
  =====================================================================
 Sounding =         101
  =====================================================================
 Sounding =         102
  =====================================================================
 Sounding =         103
  =====================================================================
 Sounding =         104
  =====================================================================
 Sounding =         105
  =====================================================================
 Sounding =         106
  =====================================================================
 ############ Sounding:           1
 ############ Sounding:           2
 ############ Sounding:           3
 ############ Sounding:           4
 ############ Sounding:           5
 ############ Sounding:           6
 ############ Sounding:           7
 ############ Sounding:           8
 ############ Sounding:           9
 ############ Sounding:          10
 ############ Sounding:          11
 ############ Sounding:          12
 ############ Sounding:          13
 ############ Sounding:          14
 ############ Sounding:          15
 ############ Sounding:          16
 ############ Sounding:          17
 ############ Sounding:          18
 ############ Sounding:          19
 ############ Sounding:          20
 ############ Sounding:          21
 ############ Sounding:          22
 ############ Sounding:          23
 ############ Sounding:          24
 ############ Sounding:          25
 ############ Sounding:          26
 ############ Sounding:          27
 ############ Sounding:          28
 ############ Sounding:          29
 ############ Sounding:          30
 ############ Sounding:          31
 ############ Sounding:          32
 ############ Sounding:          33
 ############ Sounding:          34
 ############ Sounding:          35
 ############ Sounding:          36
 ############ Sounding:          37
 ############ Sounding:          38
 ############ Sounding:          39
 ############ Sounding:          40
 ############ Sounding:          41
 ############ Sounding:          42
 ############ Sounding:          43
 ############ Sounding:          44
 ############ Sounding:          45
 ############ Sounding:          46
 ############ Sounding:          47
 ############ Sounding:          48
 ############ Sounding:          49
 ############ Sounding:          50
 ############ Sounding:          51
 ############ Sounding:          52
 ############ Sounding:          53
 ############ Sounding:          54
 ############ Sounding:          55
 ############ Sounding:          56
 ############ Sounding:          57
 ############ Sounding:          58
 ############ Sounding:          59
 ############ Sounding:          60
 ############ Sounding:          61
 ############ Sounding:          62
 ############ Sounding:          63
 ############ Sounding:          64
 ############ Sounding:          65
 ############ Sounding:          66
 ############ Sounding:          67
 ############ Sounding:          68
 ############ Sounding:          69
 ############ Sounding:          70
 ############ Sounding:          71
 ############ Sounding:          72
 ############ Sounding:          73
 ############ Sounding:          74
 ############ Sounding:          75
 ############ Sounding:          76
 ############ Sounding:          77
 ############ Sounding:          78
 ############ Sounding:          79
 ############ Sounding:          80
 ############ Sounding:          81
 ############ Sounding:          82
 ############ Sounding:          83
 ############ Sounding:          84
 ############ Sounding:          85
 ############ Sounding:          86
 ############ Sounding:          87
 ############ Sounding:          88
 ############ Sounding:          89
 ############ Sounding:          90
 ############ Sounding:          91
 ############ Sounding:          92
 ############ Sounding:          93
 ############ Sounding:          94
 ############ Sounding:          95
 ############ Sounding:          96
 ############ Sounding:          97
 ############ Sounding:          98
 ############ Sounding:          99
 ############ Sounding:         100
 ############ Sounding:         101
 ############ Sounding:         102
 ############ Sounding:         103
 ############ Sounding:         104
 ############ Sounding:         105
 ############ Sounding:         106
 ############ Sounding:         107
 ############ Sounding:         108
 ############ Sounding:         109
 ############ Sounding:         110
 ############ Sounding:         111
 ############ Sounding:         112
 ############ Sounding:         113
 ############ Sounding:         114
 Sounding =         107
  =====================================================================
 Sounding =         108
  =====================================================================
 Sounding =         109
  =====================================================================
 Sounding =         110
  =====================================================================
 Sounding =         111
  =====================================================================
 Sounding =         112
  =====================================================================
 Sounding =         113
  =====================================================================
 Sounding =         114
  =====================================================================
 Sounding =         115
  =====================================================================
 Sounding =         116
  =====================================================================
 Sounding =         117
  =====================================================================
 Sounding =         118
  =====================================================================
 Sounding =         119
  =====================================================================
 Sounding =         120
  =====================================================================
 Sounding =         121
  =====================================================================
 Sounding =         122
  =====================================================================
 Sounding =         123
  =====================================================================
 Sounding =         124
  =====================================================================
 Sounding =         125
  =====================================================================
 Sounding =         126
  =====================================================================
 Sounding =         127
  =====================================================================
 Sounding =         128
  =====================================================================
 Sounding =         129
  =====================================================================
 Sounding =         130
  =====================================================================
 Sounding =         131
  =====================================================================
 Sounding =         132
  =====================================================================
 Sounding =         133
  =====================================================================
 Sounding =         134
  =====================================================================
 Sounding =         135
  =====================================================================
 Sounding =         136
  =====================================================================
 Sounding =         137
  =====================================================================
 Sounding =         138
  =====================================================================
 Sounding =         139
  =====================================================================
 Sounding =         140
  =====================================================================
 Sounding =         141
  =====================================================================
 Sounding =         142
  =====================================================================
 Sounding =         143
  =====================================================================
 Sounding =         144
  =====================================================================
 Sounding =         145
  =====================================================================
 Sounding =         146
  =====================================================================
 Sounding =         147
  =====================================================================
 Sounding =         148
  =====================================================================
 Sounding =         149
  =====================================================================
 ############ Sounding:         115
 ############ Sounding:         116
 ############ Sounding:         117
 ############ Sounding:         118
 ############ Sounding:         119
 ############ Sounding:         120
 ############ Sounding:         121
 ############ Sounding:         122
 ############ Sounding:         123
 ############ Sounding:         124
 ############ Sounding:         125
 ############ Sounding:         126
 ############ Sounding:         127
 ############ Sounding:         128
 ############ Sounding:         129
 ############ Sounding:         130
 ############ Sounding:         131
 ############ Sounding:         132
 ############ Sounding:         133
 ############ Sounding:         134
 ############ Sounding:         135
 ############ Sounding:         136
 ############ Sounding:         137
 ############ Sounding:         138
 ############ Sounding:         139
 ############ Sounding:         140
 ############ Sounding:         141
 ############ Sounding:         142
 ############ Sounding:         143
 ############ Sounding:         144
 ############ Sounding:         145
 ############ Sounding:         146
 ############ Sounding:         147
 ############ Sounding:         148
 ############ Sounding:         149
 ############ Sounding:         150
 ############ Sounding:         151
 ############ Sounding:         152
 ############ Sounding:         153
 ############ Sounding:         154
 ############ Sounding:         155
 ############ Sounding:         156
 ############ Sounding:         157
 ############ Sounding:         158
 ############ Sounding:         159
 ############ Sounding:         160
 ############ Sounding:         161
 Sounding =         150
  =====================================================================
 Sounding =         151
  =====================================================================
 Sounding =         152
  =====================================================================
 Sounding =         153
  =====================================================================
 Sounding =         154
  =====================================================================
 Sounding =         155
  =====================================================================
 Sounding =         156
  =====================================================================
 Sounding =         157
  =====================================================================
 Sounding =         158
  =====================================================================
 Sounding =         159
  =====================================================================
 Sounding =         160
  =====================================================================
 Sounding =         161
 writing grads control file:',trim(runname)//'.ctl
 opening grads file:ref_g.gra

real	0m0.432s
user	0m0.273s
sys	0m0.009s
Wed Feb  8 13:28:01 -03 2023
